[debug] [2020-12-23T03:02:09.769Z] ----------------------------------------------------------------------
[debug] [2020-12-23T03:02:09.772Z] Command:       /usr/local/bin/node /usr/local/bin/firebase init
[debug] [2020-12-23T03:02:09.773Z] CLI Version:   8.18.1
[debug] [2020-12-23T03:02:09.773Z] Platform:      darwin
[debug] [2020-12-23T03:02:09.773Z] Node Version:  v14.15.1
[debug] [2020-12-23T03:02:09.774Z] Time:          Wed Dec 23 2020 12:02:09 GMT+0900 (Korean Standard Time)
[debug] [2020-12-23T03:02:09.774Z] ----------------------------------------------------------------------
[debug] [2020-12-23T03:02:09.774Z] 
[debug] [2020-12-23T03:02:09.783Z] > command requires scopes: ["email","openid","https://www.googleapis.com/auth/cloudplatformprojects.readonly","https://www.googleapis.com/auth/firebase","https://www.googleapis.com/auth/cloud-platform"]
[debug] [2020-12-23T03:02:09.783Z] > authorizing via signed-in user
[info] 
     ######## #### ########  ######## ########     ###     ######  ########
     ##        ##  ##     ## ##       ##     ##  ##   ##  ##       ##
     ######    ##  ########  ######   ########  #########  ######  ######
     ##        ##  ##    ##  ##       ##     ## ##     ##       ## ##
     ##       #### ##     ## ######## ########  ##     ##  ######  ########

You're about to initialize a Firebase project in this directory:

  /Users/y/Desktop/Github/clone/youtube-clone

Before we get started, keep in mind:

  * You are initializing in an existing Firebase project directory

